{"level":"info","message":"listening on port 5000"}
{"level":"info","message":"Connected to database..."}
{"level":"info","message":"listening on port 5000"}
{"level":"info","message":"Connected to database..."}
{"level":"error","message":"Joi.objectId is not a function Joi.objectId is not a function","stack":"TypeError: Joi.objectId is not a function\n    at validateMovie (C:\\Users\\HP\\mosh 2.0\\vidly_server\\models\\movie.js:36:18)\n    at C:\\Users\\HP\\mosh 2.0\\vidly_server\\routes\\movies.js:21:21\n    at C:\\Users\\HP\\mosh 2.0\\vidly_server\\node_modules\\express-async-errors\\index.js:17:17\n    at Layer.handle [as handle_request] (C:\\Users\\HP\\mosh 2.0\\vidly_server\\node_modules\\express\\lib\\router\\layer.js:95:5)\n    at next (C:\\Users\\HP\\mosh 2.0\\vidly_server\\node_modules\\express\\lib\\router\\route.js:137:13)\n    at Route.dispatch (C:\\Users\\HP\\mosh 2.0\\vidly_server\\node_modules\\express\\lib\\router\\route.js:112:3)\n    at C:\\Users\\HP\\mosh 2.0\\vidly_server\\node_modules\\express-async-errors\\index.js:17:17\n    at Layer.handle [as handle_request] (C:\\Users\\HP\\mosh 2.0\\vidly_server\\node_modules\\express\\lib\\router\\layer.js:95:5)\n    at C:\\Users\\HP\\mosh 2.0\\vidly_server\\node_modules\\express\\lib\\router\\index.js:281:22\n    at Function.process_params (C:\\Users\\HP\\mosh 2.0\\vidly_server\\node_modules\\express\\lib\\router\\index.js:335:12)\n    at next (C:\\Users\\HP\\mosh 2.0\\vidly_server\\node_modules\\express\\lib\\router\\index.js:275:10)\n    at Function.handle (C:\\Users\\HP\\mosh 2.0\\vidly_server\\node_modules\\express\\lib\\router\\index.js:174:3)\n    at router (C:\\Users\\HP\\mosh 2.0\\vidly_server\\node_modules\\express\\lib\\router\\index.js:47:12)\n    at C:\\Users\\HP\\mosh 2.0\\vidly_server\\node_modules\\express-async-errors\\index.js:17:17\n    at Layer.handle [as handle_request] (C:\\Users\\HP\\mosh 2.0\\vidly_server\\node_modules\\express\\lib\\router\\layer.js:95:5)\n    at trim_prefix (C:\\Users\\HP\\mosh 2.0\\vidly_server\\node_modules\\express\\lib\\router\\index.js:317:13)"}
{"level":"info","message":"listening on port 5000"}
{"level":"info","message":"Connected to database..."}
{"level":"error","message":"Joi.objectId is not a function Joi.objectId is not a function","stack":"TypeError: Joi.objectId is not a function\n    at validateMovie (C:\\Users\\HP\\mosh 2.0\\vidly_server\\models\\movie.js:36:18)\n    at C:\\Users\\HP\\mosh 2.0\\vidly_server\\routes\\movies.js:21:21\n    at C:\\Users\\HP\\mosh 2.0\\vidly_server\\node_modules\\express-async-errors\\index.js:17:17\n    at Layer.handle [as handle_request] (C:\\Users\\HP\\mosh 2.0\\vidly_server\\node_modules\\express\\lib\\router\\layer.js:95:5)\n    at next (C:\\Users\\HP\\mosh 2.0\\vidly_server\\node_modules\\express\\lib\\router\\route.js:137:13)\n    at Route.dispatch (C:\\Users\\HP\\mosh 2.0\\vidly_server\\node_modules\\express\\lib\\router\\route.js:112:3)\n    at C:\\Users\\HP\\mosh 2.0\\vidly_server\\node_modules\\express-async-errors\\index.js:17:17\n    at Layer.handle [as handle_request] (C:\\Users\\HP\\mosh 2.0\\vidly_server\\node_modules\\express\\lib\\router\\layer.js:95:5)\n    at C:\\Users\\HP\\mosh 2.0\\vidly_server\\node_modules\\express\\lib\\router\\index.js:281:22\n    at Function.process_params (C:\\Users\\HP\\mosh 2.0\\vidly_server\\node_modules\\express\\lib\\router\\index.js:335:12)\n    at next (C:\\Users\\HP\\mosh 2.0\\vidly_server\\node_modules\\express\\lib\\router\\index.js:275:10)\n    at Function.handle (C:\\Users\\HP\\mosh 2.0\\vidly_server\\node_modules\\express\\lib\\router\\index.js:174:3)\n    at router (C:\\Users\\HP\\mosh 2.0\\vidly_server\\node_modules\\express\\lib\\router\\index.js:47:12)\n    at C:\\Users\\HP\\mosh 2.0\\vidly_server\\node_modules\\express-async-errors\\index.js:17:17\n    at Layer.handle [as handle_request] (C:\\Users\\HP\\mosh 2.0\\vidly_server\\node_modules\\express\\lib\\router\\layer.js:95:5)\n    at trim_prefix (C:\\Users\\HP\\mosh 2.0\\vidly_server\\node_modules\\express\\lib\\router\\index.js:317:13)"}
{"level":"info","message":"listening on port 5000"}
{"level":"info","message":"Connected to database..."}
{"level":"error","message":"Joi.objectId is not a function Joi.objectId is not a function","stack":"TypeError: Joi.objectId is not a function\n    at validateMovie (C:\\Users\\HP\\mosh 2.0\\vidly_server\\models\\movie.js:36:18)\n    at C:\\Users\\HP\\mosh 2.0\\vidly_server\\routes\\movies.js:21:21\n    at C:\\Users\\HP\\mosh 2.0\\vidly_server\\node_modules\\express-async-errors\\index.js:17:17\n    at Layer.handle [as handle_request] (C:\\Users\\HP\\mosh 2.0\\vidly_server\\node_modules\\express\\lib\\router\\layer.js:95:5)\n    at next (C:\\Users\\HP\\mosh 2.0\\vidly_server\\node_modules\\express\\lib\\router\\route.js:137:13)\n    at Route.dispatch (C:\\Users\\HP\\mosh 2.0\\vidly_server\\node_modules\\express\\lib\\router\\route.js:112:3)\n    at C:\\Users\\HP\\mosh 2.0\\vidly_server\\node_modules\\express-async-errors\\index.js:17:17\n    at Layer.handle [as handle_request] (C:\\Users\\HP\\mosh 2.0\\vidly_server\\node_modules\\express\\lib\\router\\layer.js:95:5)\n    at C:\\Users\\HP\\mosh 2.0\\vidly_server\\node_modules\\express\\lib\\router\\index.js:281:22\n    at Function.process_params (C:\\Users\\HP\\mosh 2.0\\vidly_server\\node_modules\\express\\lib\\router\\index.js:335:12)\n    at next (C:\\Users\\HP\\mosh 2.0\\vidly_server\\node_modules\\express\\lib\\router\\index.js:275:10)\n    at Function.handle (C:\\Users\\HP\\mosh 2.0\\vidly_server\\node_modules\\express\\lib\\router\\index.js:174:3)\n    at router (C:\\Users\\HP\\mosh 2.0\\vidly_server\\node_modules\\express\\lib\\router\\index.js:47:12)\n    at C:\\Users\\HP\\mosh 2.0\\vidly_server\\node_modules\\express-async-errors\\index.js:17:17\n    at Layer.handle [as handle_request] (C:\\Users\\HP\\mosh 2.0\\vidly_server\\node_modules\\express\\lib\\router\\layer.js:95:5)\n    at trim_prefix (C:\\Users\\HP\\mosh 2.0\\vidly_server\\node_modules\\express\\lib\\router\\index.js:317:13)"}
{"level":"info","message":"listening on port 5000"}
{"level":"info","message":"Connected to database..."}
{"level":"error","message":"Joi.objectId is not a function Joi.objectId is not a function","stack":"TypeError: Joi.objectId is not a function\n    at validateMovie (C:\\Users\\HP\\mosh 2.0\\vidly_server\\models\\movie.js:36:18)\n    at C:\\Users\\HP\\mosh 2.0\\vidly_server\\routes\\movies.js:21:21\n    at C:\\Users\\HP\\mosh 2.0\\vidly_server\\node_modules\\express-async-errors\\index.js:17:17\n    at Layer.handle [as handle_request] (C:\\Users\\HP\\mosh 2.0\\vidly_server\\node_modules\\express\\lib\\router\\layer.js:95:5)\n    at next (C:\\Users\\HP\\mosh 2.0\\vidly_server\\node_modules\\express\\lib\\router\\route.js:137:13)\n    at Route.dispatch (C:\\Users\\HP\\mosh 2.0\\vidly_server\\node_modules\\express\\lib\\router\\route.js:112:3)\n    at C:\\Users\\HP\\mosh 2.0\\vidly_server\\node_modules\\express-async-errors\\index.js:17:17\n    at Layer.handle [as handle_request] (C:\\Users\\HP\\mosh 2.0\\vidly_server\\node_modules\\express\\lib\\router\\layer.js:95:5)\n    at C:\\Users\\HP\\mosh 2.0\\vidly_server\\node_modules\\express\\lib\\router\\index.js:281:22\n    at Function.process_params (C:\\Users\\HP\\mosh 2.0\\vidly_server\\node_modules\\express\\lib\\router\\index.js:335:12)\n    at next (C:\\Users\\HP\\mosh 2.0\\vidly_server\\node_modules\\express\\lib\\router\\index.js:275:10)\n    at Function.handle (C:\\Users\\HP\\mosh 2.0\\vidly_server\\node_modules\\express\\lib\\router\\index.js:174:3)\n    at router (C:\\Users\\HP\\mosh 2.0\\vidly_server\\node_modules\\express\\lib\\router\\index.js:47:12)\n    at C:\\Users\\HP\\mosh 2.0\\vidly_server\\node_modules\\express-async-errors\\index.js:17:17\n    at Layer.handle [as handle_request] (C:\\Users\\HP\\mosh 2.0\\vidly_server\\node_modules\\express\\lib\\router\\layer.js:95:5)\n    at trim_prefix (C:\\Users\\HP\\mosh 2.0\\vidly_server\\node_modules\\express\\lib\\router\\index.js:317:13)"}
{"level":"info","message":"listening on port 5000"}
{"level":"info","message":"Connected to database..."}
{"level":"error","message":"cant send genres... cant send genres...","stack":"Error: cant send genres...\n    at C:\\Users\\HP\\mosh 2.0\\vidly_server\\routes\\genres.js:9:9\n    at C:\\Users\\HP\\mosh 2.0\\vidly_server\\node_modules\\express-async-errors\\index.js:17:17\n    at Layer.handle [as handle_request] (C:\\Users\\HP\\mosh 2.0\\vidly_server\\node_modules\\express\\lib\\router\\layer.js:95:5)\n    at next (C:\\Users\\HP\\mosh 2.0\\vidly_server\\node_modules\\express\\lib\\router\\route.js:137:13)\n    at Route.dispatch (C:\\Users\\HP\\mosh 2.0\\vidly_server\\node_modules\\express\\lib\\router\\route.js:112:3)\n    at C:\\Users\\HP\\mosh 2.0\\vidly_server\\node_modules\\express-async-errors\\index.js:17:17\n    at Layer.handle [as handle_request] (C:\\Users\\HP\\mosh 2.0\\vidly_server\\node_modules\\express\\lib\\router\\layer.js:95:5)\n    at C:\\Users\\HP\\mosh 2.0\\vidly_server\\node_modules\\express\\lib\\router\\index.js:281:22\n    at Function.process_params (C:\\Users\\HP\\mosh 2.0\\vidly_server\\node_modules\\express\\lib\\router\\index.js:335:12)\n    at next (C:\\Users\\HP\\mosh 2.0\\vidly_server\\node_modules\\express\\lib\\router\\index.js:275:10)\n    at Function.handle (C:\\Users\\HP\\mosh 2.0\\vidly_server\\node_modules\\express\\lib\\router\\index.js:174:3)\n    at router (C:\\Users\\HP\\mosh 2.0\\vidly_server\\node_modules\\express\\lib\\router\\index.js:47:12)\n    at C:\\Users\\HP\\mosh 2.0\\vidly_server\\node_modules\\express-async-errors\\index.js:17:17\n    at Layer.handle [as handle_request] (C:\\Users\\HP\\mosh 2.0\\vidly_server\\node_modules\\express\\lib\\router\\layer.js:95:5)\n    at trim_prefix (C:\\Users\\HP\\mosh 2.0\\vidly_server\\node_modules\\express\\lib\\router\\index.js:317:13)\n    at C:\\Users\\HP\\mosh 2.0\\vidly_server\\node_modules\\express\\lib\\router\\index.js:284:7"}
{"level":"info","message":"listening on port 5000"}
{"level":"info","message":"Connected to database..."}
{"level":"info","message":"listening on port 5000"}
{"level":"info","message":"Connected to database..."}
{"level":"info","message":"listening on port 5000"}
{"level":"info","message":"Connected to database..."}
{"level":"info","message":"Connected to database..."}
{"level":"info","message":"listening on port 5000"}
{"level":"info","message":"Connected to database..."}
{"level":"info","message":"listening on port 5000"}
{"level":"info","message":"Connected to database..."}
{"level":"info","message":"listening on port 5000"}
{"level":"info","message":"Connected to database..."}
{"level":"info","message":"listening on port 5000"}
{"level":"error","message":"Connected to MongoDB..."}
{"level":"info","message":"listening on port 5000"}
{"level":"error","message":"Connected to MongoDB jhgjhg..."}
{"level":"info","message":"listening on port 5000"}
{"level":"error","message":"error in connecting to databse..."}
{"level":"info","message":"listening on port 5000"}
{"level":"info","message":"Connected to database..."}
{"level":"info","message":"listening on port 3900"}
{"level":"info","message":"Connected to database..."}
{"level":"info","message":"listening on port 3900"}
{"level":"info","message":"Connected to database..."}
{"level":"info","message":"listening on port 3900"}
{"level":"info","message":"Connected to database..."}
{"level":"info","message":"listening on port 5000"}
{"level":"info","message":"Connected to database..."}
{"level":"info","message":"listening on port 5000"}
{"level":"info","message":"Connected to database..."}
{"level":"info","message":"listening on port 5000"}
{"level":"error","message":"error in connecting to databse..."}
{"level":"info","message":"listening on port 5000"}
{"level":"error","message":"error in connecting to databse..."}
{"level":"info","message":"listening on port 5000"}
{"level":"info","message":"Connected to database..."}
{"kind":"ObjectId","level":"error","message":"Cast to ObjectId failed for value \"63d29e0f3de83c249cab353x\" at path \"_id\" for model \"Movie\" Cast to ObjectId failed for value \"63d29e0f3de83c249cab353x\" at path \"_id\" for model \"Movie\"","name":"CastError","path":"_id","stack":"CastError: Cast to ObjectId failed for value \"63d29e0f3de83c249cab353x\" at path \"_id\" for model \"Movie\"\n    at new CastError (C:\\Users\\HP\\mosh 2.0\\vidly_server\\node_modules\\mongoose\\lib\\error\\cast.js:27:11)\n    at ObjectId.cast (C:\\Users\\HP\\mosh 2.0\\vidly_server\\node_modules\\mongoose\\lib\\schema\\objectid.js:158:13)\n    at SchemaType.applySetters (C:\\Users\\HP\\mosh 2.0\\vidly_server\\node_modules\\mongoose\\lib\\schematype.js:701:12)\n    at SchemaType._castForQuery (C:\\Users\\HP\\mosh 2.0\\vidly_server\\node_modules\\mongoose\\lib\\schematype.js:1072:15)\n    at ObjectId.castForQuery (C:\\Users\\HP\\mosh 2.0\\vidly_server\\node_modules\\mongoose\\lib\\schema\\objectid.js:198:15)\n    at SchemaType.castForQueryWrapper (C:\\Users\\HP\\mosh 2.0\\vidly_server\\node_modules\\mongoose\\lib\\schematype.js:1041:15)\n    at cast (C:\\Users\\HP\\mosh 2.0\\vidly_server\\node_modules\\mongoose\\lib\\cast.js:269:32)\n    at Query.cast (C:\\Users\\HP\\mosh 2.0\\vidly_server\\node_modules\\mongoose\\lib\\query.js:3130:12)\n    at Query._castConditions (C:\\Users\\HP\\mosh 2.0\\vidly_server\\node_modules\\mongoose\\lib\\query.js:1266:10)\n    at Query._findOne (C:\\Users\\HP\\mosh 2.0\\vidly_server\\node_modules\\mongoose\\lib\\query.js:1482:8)\n    at C:\\Users\\HP\\mosh 2.0\\vidly_server\\node_modules\\kareem\\index.js:276:8\n    at C:\\Users\\HP\\mosh 2.0\\vidly_server\\node_modules\\kareem\\index.js:23:7\n    at process.processTicksAndRejections (node:internal/process/task_queues:77:11)","stringValue":"\"63d29e0f3de83c249cab353x\"","value":"63d29e0f3de83c249cab353x"}
{"level":"info","message":"listening on port 5000"}
{"level":"error","message":"error in connecting to databse..."}
{"level":"info","message":"listening on port 5000"}
{"level":"info","message":"Connected to database..."}
{"level":"info","message":"listening on port 5000"}
{"level":"info","message":"Connected to database..."}
{"level":"info","message":"listening on port 5000"}
{"level":"info","message":"Connected to database..."}
{"level":"info","message":"listening on port 5000"}
{"level":"info","message":"Connected to database..."}
{"level":"info","message":"listening on port 5000"}
{"level":"info","message":"Connected to database..."}
{"level":"info","message":"listening on port 5000"}
{"level":"info","message":"Connected to database..."}
{"level":"info","message":"listening on port 5000"}
{"level":"info","message":"Connected to database..."}
{"level":"info","message":"listening on port 5000"}
{"level":"info","message":"Connected to database..."}
{"level":"info","message":"listening on port 5000"}
{"level":"info","message":"Connected to database..."}
{"level":"error","message":"Cannot read properties of undefined (reading 'isAdmin') Cannot read properties of undefined (reading 'isAdmin')","stack":"TypeError: Cannot read properties of undefined (reading 'isAdmin')\n    at module.exports (C:\\Users\\HP\\mosh 2.0\\vidly_server\\middleware\\admin.js:2:17)\n    at C:\\Users\\HP\\mosh 2.0\\vidly_server\\node_modules\\express-async-errors\\index.js:17:17\n    at Layer.handle [as handle_request] (C:\\Users\\HP\\mosh 2.0\\vidly_server\\node_modules\\express\\lib\\router\\layer.js:95:5)\n    at next (C:\\Users\\HP\\mosh 2.0\\vidly_server\\node_modules\\express\\lib\\router\\route.js:137:13)\n    at module.exports (C:\\Users\\HP\\mosh 2.0\\vidly_server\\middleware\\auth.js:4:40)\n    at C:\\Users\\HP\\mosh 2.0\\vidly_server\\node_modules\\express-async-errors\\index.js:17:17\n    at Layer.handle [as handle_request] (C:\\Users\\HP\\mosh 2.0\\vidly_server\\node_modules\\express\\lib\\router\\layer.js:95:5)\n    at next (C:\\Users\\HP\\mosh 2.0\\vidly_server\\node_modules\\express\\lib\\router\\route.js:137:13)\n    at Route.dispatch (C:\\Users\\HP\\mosh 2.0\\vidly_server\\node_modules\\express\\lib\\router\\route.js:112:3)\n    at C:\\Users\\HP\\mosh 2.0\\vidly_server\\node_modules\\express-async-errors\\index.js:17:17\n    at Layer.handle [as handle_request] (C:\\Users\\HP\\mosh 2.0\\vidly_server\\node_modules\\express\\lib\\router\\layer.js:95:5)\n    at C:\\Users\\HP\\mosh 2.0\\vidly_server\\node_modules\\express\\lib\\router\\index.js:281:22\n    at param (C:\\Users\\HP\\mosh 2.0\\vidly_server\\node_modules\\express\\lib\\router\\index.js:354:14)\n    at param (C:\\Users\\HP\\mosh 2.0\\vidly_server\\node_modules\\express\\lib\\router\\index.js:365:14)\n    at Function.process_params (C:\\Users\\HP\\mosh 2.0\\vidly_server\\node_modules\\express\\lib\\router\\index.js:410:3)\n    at next (C:\\Users\\HP\\mosh 2.0\\vidly_server\\node_modules\\express\\lib\\router\\index.js:275:10)"}
{"level":"info","message":"listening on port 5000"}
{"level":"info","message":"Connected to database..."}
{"level":"info","message":"listening on port 5000"}
{"level":"info","message":"Connected to database..."}
{"level":"info","message":"listening on port 5000"}
{"level":"info","message":"Connected to database..."}
{"level":"info","message":"listening on port 5000"}
{"level":"info","message":"Connected to database..."}
{"level":"info","message":"listening on port 5000"}
{"level":"info","message":"Connected to database..."}
{"level":"info","message":"listening on port 5000"}
{"level":"info","message":"Connected to database..."}
{"level":"info","message":"listening on port 5000"}
{"level":"info","message":"Connected to database..."}
{"level":"info","message":"listening on port 5000"}
{"level":"info","message":"Connected to database..."}
{"level":"info","message":"listening on port 5000"}
{"level":"info","message":"Connected to database..."}
{"level":"info","message":"listening on port 5000"}
{"level":"info","message":"Connected to database..."}
{"level":"info","message":"listening on port 5000"}
{"level":"info","message":"Connected to database..."}
{"level":"info","message":"listening on port 5000"}
{"level":"info","message":"Connected to database..."}
{"level":"info","message":"listening on port 5000"}
{"level":"info","message":"Connected to database..."}
{"level":"info","message":"listening on port 5000"}
{"level":"info","message":"Connected to database..."}
{"level":"info","message":"listening on port 5000"}
{"level":"info","message":"Connected to database..."}
{"level":"info","message":"listening on port 5000"}
{"level":"info","message":"Connected to database..."}
{"level":"info","message":"listening on port 5000"}
{"level":"error","message":"error in connecting to databse..."}
{"level":"info","message":"listening on port 5000"}
{"level":"info","message":"Connected to database..."}
